2023-10-05 14:34:54 Notice: Deprecated (16384): Cake\Controller\Component\AuthComponent::config() is deprecated. Use setConfig()/getConfig() instead. - C:\Users\Administrador\Documents\Manuela\aulacakephp\src\Controller\AppController.php, line: 66
 You can disable deprecation warnings by setting `Error.errorLevel` to `E_ALL & ~E_USER_DEPRECATED` in your config/app.php. in [C:\Users\Administrador\Documents\Manuela\aulacakephp\vendor\cakephp\cakephp\src\Core\functions.php, line 310]
Trace:
Cake\Error\BaseErrorHandler::handleError() - CORE\src\Error\BaseErrorHandler.php, line 159
deprecationWarning - CORE\src\Core\functions.php, line 310
Cake\Controller\Component::config() - CORE\src\Core\InstanceConfigTrait.php, line 181
App\Controller\AppController::initialize() - APP/Controller\AppController.php, line 66
Cake\Controller\Controller::__construct() - CORE\src\Controller\Controller.php, line 272
Bake\Shell\Task\TestTask::buildTestSubject() - ROOT\vendor\cakephp\bake\src\Shell\Task\TestTask.php, line 330
Bake\Shell\Task\TestTask::bake() - ROOT\vendor\cakephp\bake\src\Shell\Task\TestTask.php, line 237
Bake\Shell\Task\ControllerTask::bakeTest() - ROOT\vendor\cakephp\bake\src\Shell\Task\ControllerTask.php, line 214
Bake\Shell\Task\ControllerTask::bake() - ROOT\vendor\cakephp\bake\src\Shell\Task\ControllerTask.php, line 163
Bake\Shell\Task\ControllerTask::main() - ROOT\vendor\cakephp\bake\src\Shell\Task\ControllerTask.php, line 69
Bake\Shell\BakeShell::Bake\Shell\{closure}() - ROOT\vendor\cakephp\bake\src\Shell\BakeShell.php, line 273
Cake\Collection\Collection::each() - CORE\src\Collection\CollectionTrait.php, line 51
Bake\Shell\BakeShell::all() - ROOT\vendor\cakephp\bake\src\Shell\BakeShell.php, line 274
Cake\Console\Shell::runCommand() - CORE\src\Console\Shell.php, line 518
Cake\Console\CommandRunner::runShell() - CORE\src\Console\CommandRunner.php, line 342
Cake\Console\CommandRunner::run() - CORE\src\Console\CommandRunner.php, line 164
[main] - ROOT\bin\cake.php, line 12



2023-10-06 11:32:18 Notice: Deprecated (16384): Cake\Controller\Component\AuthComponent::config() is deprecated. Use setConfig()/getConfig() instead. - C:\Users\Administrador\Documents\Manuela\aulacakephp\src\Controller\AppController.php, line: 66
 You can disable deprecation warnings by setting `Error.errorLevel` to `E_ALL & ~E_USER_DEPRECATED` in your config/app.php. in [C:\Users\Administrador\Documents\Manuela\aulacakephp\vendor\cakephp\cakephp\src\Core\functions.php, line 310]
Trace:
Cake\Error\BaseErrorHandler::handleError() - CORE\src\Error\BaseErrorHandler.php, line 159
deprecationWarning - CORE\src\Core\functions.php, line 310
Cake\Controller\Component::config() - CORE\src\Core\InstanceConfigTrait.php, line 181
App\Controller\AppController::initialize() - APP/Controller\AppController.php, line 66
Cake\Controller\Controller::__construct() - CORE\src\Controller\Controller.php, line 272
Bake\Shell\Task\TestTask::buildTestSubject() - ROOT\vendor\cakephp\bake\src\Shell\Task\TestTask.php, line 330
Bake\Shell\Task\TestTask::bake() - ROOT\vendor\cakephp\bake\src\Shell\Task\TestTask.php, line 237
Bake\Shell\Task\ControllerTask::bakeTest() - ROOT\vendor\cakephp\bake\src\Shell\Task\ControllerTask.php, line 214
Bake\Shell\Task\ControllerTask::bake() - ROOT\vendor\cakephp\bake\src\Shell\Task\ControllerTask.php, line 163
Bake\Shell\Task\ControllerTask::main() - ROOT\vendor\cakephp\bake\src\Shell\Task\ControllerTask.php, line 69
Cake\Console\Shell::runCommand() - CORE\src\Console\Shell.php, line 532
Cake\Console\Shell::runCommand() - CORE\src\Console\Shell.php, line 525
Cake\Console\CommandRunner::runShell() - CORE\src\Console\CommandRunner.php, line 342
Cake\Console\CommandRunner::run() - CORE\src\Console\CommandRunner.php, line 164
[main] - ROOT\bin\cake.php, line 12



